<?xml version="1.0" encoding="UTF-8"?>
<testsuite xmlns:xsi="http://www.w3.org/2001/XMLSchema-instance" xsi:noNamespaceSchemaLocation="https://maven.apache.org/surefire/maven-surefire-plugin/xsd/surefire-test-report.xsd" name="com.ontariotechu.sofe3980U.CountCharactersTest" time="0" tests="9" errors="0" skipped="0" failures="0">
  <properties>
    <property name="java.specification.version" value="17"/>
    <property name="sun.cpu.isalist" value="amd64"/>
    <property name="sun.jnu.encoding" value="Cp1252"/>
    <property name="java.class.path" value="C:\Users\hanza\OneDrive\Documents\Year 3 semester 2\Software Quality\Individual Assignment 3\WhiteBoxTesting\target\test-classes;C:\Users\hanza\OneDrive\Documents\Year 3 semester 2\Software Quality\Individual Assignment 3\WhiteBoxTesting\target\classes;C:\Users\hanza\.m2\repository\joda-time\joda-time\2.9.2\joda-time-2.9.2.jar;C:\Users\hanza\.m2\repository\junit\junit\4.11\junit-4.11.jar;C:\Users\hanza\.m2\repository\org\hamcrest\hamcrest-core\1.3\hamcrest-core-1.3.jar;"/>
    <property name="java.vm.vendor" value="Eclipse Adoptium"/>
    <property name="sun.arch.data.model" value="64"/>
    <property name="user.variant" value=""/>
    <property name="java.vendor.url" value="https://adoptium.net/"/>
    <property name="user.timezone" value="America/Toronto"/>
    <property name="os.name" value="Windows 11"/>
    <property name="java.vm.specification.version" value="17"/>
    <property name="sun.java.launcher" value="SUN_STANDARD"/>
    <property name="user.country" value="CA"/>
    <property name="sun.boot.library.path" value="C:\Users\hanza\AppData\Local\Programs\Eclipse Adoptium\jdk-17.0.6.10-hotspot\bin"/>
    <property name="sun.java.command" value="C:\Users\hanza\AppData\Local\Temp\surefire11937724690911889722\surefirebooter16244441146629707953.jar C:\Users\hanza\AppData\Local\Temp\surefire11937724690911889722 2023-03-28T15-43-58_434-jvmRun1 surefire10712849330340071557tmp surefire_010664086852866996817tmp"/>
    <property name="jdk.debug" value="release"/>
    <property name="surefire.test.class.path" value="C:\Users\hanza\OneDrive\Documents\Year 3 semester 2\Software Quality\Individual Assignment 3\WhiteBoxTesting\target\test-classes;C:\Users\hanza\OneDrive\Documents\Year 3 semester 2\Software Quality\Individual Assignment 3\WhiteBoxTesting\target\classes;C:\Users\hanza\.m2\repository\joda-time\joda-time\2.9.2\joda-time-2.9.2.jar;C:\Users\hanza\.m2\repository\junit\junit\4.11\junit-4.11.jar;C:\Users\hanza\.m2\repository\org\hamcrest\hamcrest-core\1.3\hamcrest-core-1.3.jar;"/>
    <property name="sun.cpu.endian" value="little"/>
    <property name="user.home" value="C:\Users\hanza"/>
    <property name="user.language" value="en"/>
    <property name="java.specification.vendor" value="Oracle Corporation"/>
    <property name="java.version.date" value="2023-01-17"/>
    <property name="java.home" value="C:\Users\hanza\AppData\Local\Programs\Eclipse Adoptium\jdk-17.0.6.10-hotspot"/>
    <property name="file.separator" value="\"/>
    <property name="basedir" value="C:\Users\hanza\OneDrive\Documents\Year 3 semester 2\Software Quality\Individual Assignment 3\WhiteBoxTesting"/>
    <property name="java.vm.compressedOopsMode" value="Zero based"/>
    <property name="line.separator" value="&#10;"/>
    <property name="java.vm.specification.vendor" value="Oracle Corporation"/>
    <property name="java.specification.name" value="Java Platform API Specification"/>
    <property name="surefire.real.class.path" value="C:\Users\hanza\AppData\Local\Temp\surefire11937724690911889722\surefirebooter16244441146629707953.jar"/>
    <property name="user.script" value=""/>
    <property name="sun.management.compiler" value="HotSpot 64-Bit Tiered Compilers"/>
    <property name="java.runtime.version" value="17.0.6+10"/>
    <property name="user.name" value="hanza"/>
    <property name="path.separator" value=";"/>
    <property name="os.version" value="10.0"/>
    <property name="java.runtime.name" value="OpenJDK Runtime Environment"/>
    <property name="file.encoding" value="Cp1252"/>
    <property name="java.vm.name" value="OpenJDK 64-Bit Server VM"/>
    <property name="java.vendor.version" value="Temurin-17.0.6+10"/>
    <property name="localRepository" value="C:\Users\hanza\.m2\repository"/>
    <property name="java.vendor.url.bug" value="https://github.com/adoptium/adoptium-support/issues"/>
    <property name="java.io.tmpdir" value="C:\Users\hanza\AppData\Local\Temp\"/>
    <property name="java.version" value="17.0.6"/>
    <property name="user.dir" value="C:\Users\hanza\OneDrive\Documents\Year 3 semester 2\Software Quality\Individual Assignment 3\WhiteBoxTesting"/>
    <property name="os.arch" value="amd64"/>
    <property name="java.vm.specification.name" value="Java Virtual Machine Specification"/>
    <property name="sun.os.patch.level" value=""/>
    <property name="native.encoding" value="Cp1252"/>
    <property name="java.library.path" value="C:\Users\hanza\AppData\Local\Programs\Eclipse Adoptium\jdk-17.0.6.10-hotspot\bin;C:\WINDOWS\Sun\Java\bin;C:\WINDOWS\system32;C:\WINDOWS;C:\Program Files (x86)\Razer Chroma SDK\bin;C:\Program Files\Razer Chroma SDK\bin;C:\Program Files (x86)\Razer\ChromaBroadcast\bin;C:\Program Files\Razer\ChromaBroadcast\bin;C:\Windows\system32;C:\Windows;C:\Windows\System32\Wbem;C:\Windows\System32\WindowsPowerShell\v1.0\;C:\Windows\System32\OpenSSH\;C:\Users\hanza\AppData\Local\Microsoft\WindowsApps;C:\Users\hanza\AppData\Local\Programs\Microsoft VS Code\bin;C:\Program Files\nodejs\;C:\Program Files\Git\cmd;C:\WINDOWS\system32;C:\WINDOWS;C:\WINDOWS\System32\Wbem;C:\WINDOWS\System32\WindowsPowerShell\v1.0\;C:\WINDOWS\System32\OpenSSH\;C:\Users\hanza\AppData\Local\Programs\Eclipse Adoptium\jdk-17.0.6.10-hotspot\bin;C:\Users\hanza\AppData\Roaming\npm;C:\Program Files\apache-maven-3.9.0\bin;."/>
    <property name="java.vm.info" value="mixed mode, sharing"/>
    <property name="java.vendor" value="Eclipse Adoptium"/>
    <property name="java.vm.version" value="17.0.6+10"/>
    <property name="sun.io.unicode.encoding" value="UnicodeLittle"/>
    <property name="java.class.version" value="61.0"/>
  </properties>
  <testcase name="CountOccurrencesTest1" classname="com.ontariotechu.sofe3980U.CountCharactersTest" time="0"/>
  <testcase name="CountOccurrencesTest2" classname="com.ontariotechu.sofe3980U.CountCharactersTest" time="0"/>
  <testcase name="CountOccurrencesTest3" classname="com.ontariotechu.sofe3980U.CountCharactersTest" time="0"/>
  <testcase name="CountOccurrencesTest4" classname="com.ontariotechu.sofe3980U.CountCharactersTest" time="0"/>
  <testcase name="CountOccurrencesTest5" classname="com.ontariotechu.sofe3980U.CountCharactersTest" time="0"/>
  <testcase name="CountOccurrencesTest6" classname="com.ontariotechu.sofe3980U.CountCharactersTest" time="0"/>
  <testcase name="CountOccurrencesTest7" classname="com.ontariotechu.sofe3980U.CountCharactersTest" time="0"/>
  <testcase name="CountOccurrencesTest8" classname="com.ontariotechu.sofe3980U.CountCharactersTest" time="0"/>
  <testcase name="CountOccurrencesTest9" classname="com.ontariotechu.sofe3980U.CountCharactersTest" time="0"/>
</testsuite>